C:\USERS\USER\ECO.LAB1\BUILDFILES\WINDOWS\X86\DYNAMICDEBUG\D39330A106574FC38508EC1C37BBB18A.DLL
C:\USERS\USER\ECO.LAB1\BUILDFILES\WINDOWS\X86\DYNAMICDEBUG\D39330A106574FC38508EC1C37BBB18A.ILK
C:\Users\User\laba3\EcoLab1\AssemblyFiles\Windows\VisualStudio_10\Lab2\DynamicDebug\D39330A106574FC38508EC1C37BBB18A.exp
C:\Users\User\laba3\EcoLab1\AssemblyFiles\Windows\VisualStudio_10\Lab2\DynamicDebug\D39330A106574FC38508EC1C37BBB18A.lib
C:\USERS\USER\LABA3\ECOLAB1\ASSEMBLYFILES\WINDOWS\VISUALSTUDIO_10\LAB2\DYNAMICDEBUG\D39330A106574FC38508EC1C37BBB18A.PDB
C:\USERS\USER\LABA3\ECOLAB1\LAB2\ASSEMBLYFILES\WINDOWS\VISUALSTUDIO_10\LAB2\DYNAMICDEBUG\CECOLAB2.OBJ
C:\USERS\USER\LABA3\ECOLAB1\LAB2\ASSEMBLYFILES\WINDOWS\VISUALSTUDIO_10\LAB2\DYNAMICDEBUG\CECOLAB2FACTORY.OBJ
C:\Users\User\laba3\EcoLab1\Lab2\AssemblyFiles\Windows\VisualStudio_10\Lab2\DynamicDebug\cl.command.1.tlog
C:\Users\User\laba3\EcoLab1\Lab2\AssemblyFiles\Windows\VisualStudio_10\Lab2\DynamicDebug\CL.read.1.tlog
C:\Users\User\laba3\EcoLab1\Lab2\AssemblyFiles\Windows\VisualStudio_10\Lab2\DynamicDebug\CL.write.1.tlog
C:\USERS\USER\LABA3\ECOLAB1\LAB2\ASSEMBLYFILES\WINDOWS\VISUALSTUDIO_10\LAB2\DYNAMICDEBUG\D39330A106574FC38508EC1C37BBB18A.DLL.INTERMEDIATE.MANIFEST
C:\Users\User\laba3\EcoLab1\Lab2\AssemblyFiles\Windows\VisualStudio_10\Lab2\DynamicDebug\Lab2.vcxprojResolveAssemblyReference.cache
C:\Users\User\laba3\EcoLab1\Lab2\AssemblyFiles\Windows\VisualStudio_10\Lab2\DynamicDebug\Lab2.write.1.tlog
C:\Users\User\laba3\EcoLab1\Lab2\AssemblyFiles\Windows\VisualStudio_10\Lab2\DynamicDebug\link.command.1.tlog
C:\Users\User\laba3\EcoLab1\Lab2\AssemblyFiles\Windows\VisualStudio_10\Lab2\DynamicDebug\link.read.1.tlog
C:\Users\User\laba3\EcoLab1\Lab2\AssemblyFiles\Windows\VisualStudio_10\Lab2\DynamicDebug\link.write.1.tlog
C:\Users\User\laba3\EcoLab1\Lab2\AssemblyFiles\Windows\VisualStudio_10\Lab2\DynamicDebug\mt.command.1.tlog
C:\Users\User\laba3\EcoLab1\Lab2\AssemblyFiles\Windows\VisualStudio_10\Lab2\DynamicDebug\mt.read.1.tlog
C:\Users\User\laba3\EcoLab1\Lab2\AssemblyFiles\Windows\VisualStudio_10\Lab2\DynamicDebug\mt.write.1.tlog
C:\Users\User\laba3\EcoLab1\Lab2\AssemblyFiles\Windows\VisualStudio_10\Lab2\DynamicDebug\vc100.idb
C:\USERS\USER\LABA3\ECOLAB1\LAB2\ASSEMBLYFILES\WINDOWS\VISUALSTUDIO_10\LAB2\DYNAMICDEBUG\VC100.PDB
