Build started 20.11.2025 11:35:04.
     1>Project "C:\Users\User\lab3\EcoLab1\Lab2\AssemblyFiles\Windows\VisualStudio_10\Lab2.vcxproj" on node 3 (rebuild target(s)).
     1>_PrepareForClean:
         Deleting file "Lab2\DynamicDebug\Lab2.lastbuildstate".
       InitializeBuildStatus:
         Creating "Lab2\DynamicDebug\Lab2.unsuccessfulbuild" because "AlwaysCreate" was specified.
       ClCompile:
         C:\Program Files (x86)\Microsoft Visual Studio 10.0\VC\bin\CL.exe /c /IC:\Users\User\lab3\EcoLab1\Lab2\AssemblyFiles\Windows\VisualStudio_10\..\..\..\..\Components\SharedFiles /IC:\Users\User\lab3\EcoLab1\Lab2\AssemblyFiles\Windows\VisualStudio_10\..\..\..\SharedFiles /IC:\Users\User\lab3\EcoLab1\Lab2\AssemblyFiles\Windows\VisualStudio_10\..\..\..\..\SharedFiles /IC:\Users\User\lab3\EcoLab1\Lab2\AssemblyFiles\Windows\VisualStudio_10\..\..\..\HeaderFiles /IC:\eco\Eco.Framework\Eco.Core1\SharedFiles /IC:\eco\Eco.Framework\Eco.InterfaceBus1\SharedFiles /IC:\eco\Eco.Framework\Eco.System1\SharedFiles /IC:\eco\Eco.Framework\Eco.MemoryManager1\SharedFiles /IC:\eco\Eco.Framework\Eco.FileSystemManagement1\SharedFiles /IC:\eco\Eco.Framework\Eco.List1\SharedFiles /ZI /nologo /W3 /WX- /Od /Oy- /D WIN32 /D _DEBUG /D _CONSOLE /D UGUID_UTILITY /D ECO_X86_32 /D ECO_WINDOWS /D ECO_WIN32 /D ECO_DLL /D _WINDLL /D _UNICODE /D UNICODE /Gm /EHsc /RTC1 /MTd /GS /fp:precise /Zc:wchar_t /Zc:forScope /Fo"Lab2\DynamicDebug\\" /Fd"Lab2\DynamicDebug\vc100.pdb" /Gz /TC /analyze- /errorReport:prompt ..\..\..\SourceFiles\CEcoLab2.c ..\..\..\SourceFiles\CEcoLab2Factory.c
         CEcoLab2Factory.c
         CEcoLab2.c
         Generating Code...
     1>C:\Program Files (x86)\MSBuild\Microsoft.Cpp\v4.0\Microsoft.CppBuild.targets(990,5): warning MSB8012: TargetPath(C:\Users\User\lab3\EcoLab1\AssemblyFiles\Windows\VisualStudio_10\Lab2\DynamicDebug\D39330A106574FC38508EC1C37BBB18A.dll) does not match the Linker's OutputFile property value (C:\Users\User\Eco.Lab1\BuildFiles\Windows\x86\DynamicDebug\D39330A106574FC38508EC1C37BBB18A.dll). This may cause your project to build incorrectly. To correct this, please make sure that $(OutDir), $(TargetName) and $(TargetExt) property values match the value specified in %(Link.OutputFile).
       Link:
         C:\Program Files (x86)\Microsoft Visual Studio 10.0\VC\bin\link.exe /ERRORREPORT:PROMPT /OUT:"C:\Users\User\Eco.Lab1\BuildFiles\Windows\x86\DynamicDebug\D39330A106574FC38508EC1C37BBB18A.dll" /NOLOGO kernel32.lib user32.lib gdi32.lib winspool.lib comdlg32.lib advapi32.lib shell32.lib ole32.lib oleaut32.lib uuid.lib odbc32.lib odbccp32.lib /MANIFEST /ManifestFile:"Lab2\DynamicDebug\D39330A106574FC38508EC1C37BBB18A.dll.intermediate.manifest" /MANIFESTUAC:"level='asInvoker' uiAccess='false'" /DEBUG /PDB:"C:\Users\User\lab3\EcoLab1\AssemblyFiles\Windows\VisualStudio_10\Lab2\DynamicDebug\D39330A106574FC38508EC1C37BBB18A.pdb" /SUBSYSTEM:WINDOWS /TLBID:1 /DYNAMICBASE /NXCOMPAT /IMPLIB:"C:\Users\User\lab3\EcoLab1\AssemblyFiles\Windows\VisualStudio_10\Lab2\DynamicDebug\D39330A106574FC38508EC1C37BBB18A.lib" /MACHINE:X86 /DLL Lab2\DynamicDebug\CEcoLab2.obj
         Lab2\DynamicDebug\CEcoLab2Factory.obj
            Creating library C:\Users\User\lab3\EcoLab1\AssemblyFiles\Windows\VisualStudio_10\Lab2\DynamicDebug\D39330A106574FC38508EC1C37BBB18A.lib and object C:\Users\User\lab3\EcoLab1\AssemblyFiles\Windows\VisualStudio_10\Lab2\DynamicDebug\D39330A106574FC38508EC1C37BBB18A.exp
         Lab2.vcxproj -> C:\Users\User\lab3\EcoLab1\AssemblyFiles\Windows\VisualStudio_10\Lab2\DynamicDebug\D39330A106574FC38508EC1C37BBB18A.dll
       Manifest:
         C:\Program Files (x86)\Microsoft SDKs\Windows\v7.0A\bin\mt.exe /nologo /verbose /outputresource:"C:\Users\User\Eco.Lab1\BuildFiles\Windows\x86\DynamicDebug\D39330A106574FC38508EC1C37BBB18A.dll;#2" /manifest Lab2\DynamicDebug\D39330A106574FC38508EC1C37BBB18A.dll.intermediate.manifest
       FinalizeBuildStatus:
         Deleting file "Lab2\DynamicDebug\Lab2.unsuccessfulbuild".
         Touching "Lab2\DynamicDebug\Lab2.lastbuildstate".
     1>Done Building Project "C:\Users\User\lab3\EcoLab1\Lab2\AssemblyFiles\Windows\VisualStudio_10\Lab2.vcxproj" (rebuild target(s)).

Build succeeded.

Time Elapsed 00:00:00.62
